{
  "RSpec": {
    "coverage": {
      "/Users/danielmatos-pro/www/test_clicksign/app_file_system/app/helpers/application_helper.rb": {
        "lines": [
          1,
          null
        ]
      },
      "/Users/danielmatos-pro/www/test_clicksign/app_file_system/app/helpers/directories_helper.rb": {
        "lines": [
          1,
          null
        ]
      },
      "/Users/danielmatos-pro/www/test_clicksign/app_file_system/app/helpers/storage_files_helper.rb": {
        "lines": [
          1,
          null
        ]
      },
      "/Users/danielmatos-pro/www/test_clicksign/app_file_system/app/models/directory.rb": {
        "lines": [
          1,
          1,
          1,
          1,
          null,
          1,
          53,
          1,
          1,
          5,
          null,
          null,
          1,
          1,
          0,
          null,
          1,
          52,
          24,
          1,
          23,
          1,
          22,
          2,
          null,
          null,
          null,
          1,
          1,
          23,
          3,
          null,
          null,
          null
        ]
      },
      "/Users/danielmatos-pro/www/test_clicksign/app_file_system/app/models/application_record.rb": {
        "lines": [
          1,
          1,
          null
        ]
      },
      "/Users/danielmatos-pro/www/test_clicksign/app_file_system/app/models/storage_file.rb": {
        "lines": [
          1,
          1,
          1,
          null,
          1,
          null,
          1,
          null,
          null,
          1,
          2,
          null,
          null,
          null,
          1,
          0,
          null,
          null,
          null,
          1,
          8,
          null,
          7,
          null,
          1,
          null,
          1,
          null,
          1,
          null,
          1,
          null,
          1,
          null,
          1,
          null,
          1,
          null,
          null,
          null,
          1,
          2,
          null,
          null
        ]
      },
      "/Users/danielmatos-pro/www/test_clicksign/app_file_system/app/services/directory_path_service.rb": {
        "lines": [
          1,
          1,
          12,
          null,
          null,
          1,
          12,
          11,
          11,
          null,
          11,
          20,
          20,
          null,
          11,
          null,
          null
        ]
      },
      "/Users/danielmatos-pro/www/test_clicksign/app_file_system/app/services/storage_file_path_service.rb": {
        "lines": [
          1,
          1,
          null,
          1,
          13,
          13,
          null,
          null,
          1,
          13,
          null,
          9,
          null,
          null,
          1,
          null,
          1,
          null,
          1,
          13,
          null,
          null,
          1,
          9,
          null,
          null,
          1,
          9,
          9,
          9,
          null,
          null
        ]
      },
      "/Users/danielmatos-pro/www/test_clicksign/app_file_system/app/controllers/directories_controller.rb": {
        "lines": [
          1,
          1,
          null,
          1,
          1,
          null,
          null,
          1,
          null,
          1,
          0,
          null,
          null,
          1,
          1,
          0,
          null,
          0,
          0,
          null,
          0,
          null,
          null,
          null,
          null,
          1,
          0,
          0,
          null,
          0,
          null,
          null,
          null,
          1,
          0,
          0,
          null,
          null,
          1,
          0,
          0,
          null,
          null,
          1,
          null,
          1,
          0,
          null,
          null,
          1,
          0,
          null,
          null
        ]
      },
      "/Users/danielmatos-pro/www/test_clicksign/app_file_system/app/controllers/application_controller.rb": {
        "lines": [
          1,
          null,
          1,
          null
        ]
      },
      "/Users/danielmatos-pro/www/test_clicksign/app_file_system/app/controllers/storage_files_controller.rb": {
        "lines": [
          1,
          1,
          1,
          null,
          1,
          1,
          1,
          null,
          null,
          1,
          null,
          null,
          1,
          0,
          null,
          null,
          1,
          null,
          1,
          0,
          0,
          0,
          null,
          0,
          null,
          null,
          null,
          null,
          1,
          0,
          0,
          null,
          0,
          null,
          null,
          null,
          1,
          0,
          0,
          null,
          null,
          1,
          0,
          0,
          null,
          0,
          0,
          0,
          0,
          null,
          0,
          null,
          null,
          null,
          1,
          null,
          1,
          2,
          null,
          null,
          1,
          1,
          null,
          null,
          1,
          0,
          null,
          null
        ]
      },
      "/Users/danielmatos-pro/www/test_clicksign/app_file_system/app/jobs/application_job.rb": {
        "lines": [
          0,
          null,
          null,
          null,
          null,
          null,
          0
        ],
        "branches": {}
      },
      "/Users/danielmatos-pro/www/test_clicksign/app_file_system/app/mailers/application_mailer.rb": {
        "lines": [
          0,
          0,
          0,
          0
        ],
        "branches": {}
      }
    },
    "timestamp": 1747795977
  }
}
